<?xml version="1.0" encoding="UTF-8"?>
<robot generator="Robot 5.0.1 (Python 3.10.0 on win32)" generated="20221009 17:51:35.016" rpa="false" schemaversion="3">
<suite id="s1" name="ExercicioSegSem" source="C:\PHA\Exercicio 2 - FcoAraujo\testesPHA\test\features\ExercicioSegSem.robot">
<test id="s1-t1" name="Cenario de teste 01 - Dicionário" line="18">
<kw name="Exibir pessoa no Console">
<kw name="Log Many" library="BuiltIn">
<arg>Nome: ${PESSOA.nome}</arg>
<arg>idade: ${PESSOA.idade}</arg>
<arg>endereco: ${PESSOA.endereco}</arg>
<arg>numero: ${PESSOA.numero}</arg>
<arg>cep: ${PESSOA.cep}</arg>
<arg>bairro: ${PESSOA.bairro}</arg>
<arg>cidade: ${PESSOA.cidade}</arg>
<arg>estado: ${PESSOA.estado}</arg>
<doc>Logs the given messages as separate entries using the INFO level.</doc>
<msg timestamp="20221009 17:51:35.034" level="INFO">Nome: Jose da Silva</msg>
<msg timestamp="20221009 17:51:35.034" level="INFO">idade: 67</msg>
<msg timestamp="20221009 17:51:35.035" level="INFO">endereco: rua Santa Luzia</msg>
<msg timestamp="20221009 17:51:35.035" level="INFO">numero: 118</msg>
<msg timestamp="20221009 17:51:35.035" level="INFO">cep: 36404-000</msg>
<msg timestamp="20221009 17:51:35.036" level="INFO">bairro: Belo Horizonte</msg>
<msg timestamp="20221009 17:51:35.036" level="INFO">cidade: Congonhas</msg>
<msg timestamp="20221009 17:51:35.036" level="INFO">estado: Minas Gerais</msg>
<status status="PASS" starttime="20221009 17:51:35.033" endtime="20221009 17:51:35.036"/>
</kw>
<status status="PASS" starttime="20221009 17:51:35.033" endtime="20221009 17:51:35.037"/>
</kw>
<tag>PESSOA</tag>
<status status="PASS" starttime="20221009 17:51:35.032" endtime="20221009 17:51:35.037"/>
</test>
<test id="s1-t2" name="Cenario de teste 02 - Argumentos e Retornos + If Simples" line="22">
<kw name="Exibir Ano de nascimento">
<arg>67</arg>
<kw name="Evaluate" library="BuiltIn">
<var>${ANO_NASCIMENTO}</var>
<arg>${ANO_ATUAL} - ${IDADE}</arg>
<doc>Evaluates the given expression in Python and returns the result.</doc>
<msg timestamp="20221009 17:51:35.040" level="INFO">${ANO_NASCIMENTO} = 1955</msg>
<status status="PASS" starttime="20221009 17:51:35.040" endtime="20221009 17:51:35.040"/>
</kw>
<if>
<branch type="IF" condition="${ANO_NASCIMENTO} &lt; 2000">
<kw name="Log" library="BuiltIn">
<arg>Voce nasceu no seculo passado, mas nao sou tao velho assim, um pouco mais exepriente :))!!!</arg>
<doc>Logs the given message with the given level.</doc>
<msg timestamp="20221009 17:51:35.040" level="INFO">Voce nasceu no seculo passado, mas nao sou tao velho assim, um pouco mais exepriente :))!!!</msg>
<status status="PASS" starttime="20221009 17:51:35.040" endtime="20221009 17:51:35.040"/>
</kw>
<status status="PASS" starttime="20221009 17:51:35.040" endtime="20221009 17:51:35.040"/>
</branch>
<branch type="ELSE IF" condition="${ANO_NASCIMENTO} &gt;= 2000">
<kw name="Log" library="BuiltIn">
<arg>Voce nasceu neste seculo a vida eh bela!!</arg>
<doc>Logs the given message with the given level.</doc>
<status status="NOT RUN" starttime="20221009 17:51:35.041" endtime="20221009 17:51:35.041"/>
</kw>
<status status="NOT RUN" starttime="20221009 17:51:35.040" endtime="20221009 17:51:35.041"/>
</branch>
<status status="PASS" starttime="20221009 17:51:35.040" endtime="20221009 17:51:35.041"/>
</if>
<status status="PASS" starttime="20221009 17:51:35.039" endtime="20221009 17:51:35.041"/>
</kw>
<tag>SECULO PASSADO</tag>
<status status="PASS" starttime="20221009 17:51:35.039" endtime="20221009 17:51:35.041"/>
</test>
<test id="s1-t3" name="Cenario de teste 03 - For Simples + Lista" line="26">
<kw name="Exibir lista escolha de fruta">
<kw name="Create List" library="BuiltIn">
<var>@{ESCOLHA_FRUTA}</var>
<arg>Maca</arg>
<arg>Pera</arg>
<arg>Banana</arg>
<arg>Melao</arg>
<arg>Uva</arg>
<doc>Returns a list containing given items.</doc>
<msg timestamp="20221009 17:51:35.044" level="INFO">@{ESCOLHA_FRUTA} = [ Maca | Pera | Banana | Melao | Uva ]</msg>
<status status="PASS" starttime="20221009 17:51:35.044" endtime="20221009 17:51:35.044"/>
</kw>
<for flavor="IN">
<var>${ESCOLHA_FRUTA}</var>
<value>${ESCOLHA_FRUTA}</value>
<iter>
<var name="${ESCOLHA_FRUTA}">['Maca', 'Pera', 'Banana', 'Melao', 'Uva']</var>
<kw name="Log" library="BuiltIn">
<arg>Minha escolha e: ${ESCOLHA_FRUTA[3]}</arg>
<doc>Logs the given message with the given level.</doc>
<msg timestamp="20221009 17:51:35.044" level="INFO">Minha escolha e: Melao</msg>
<status status="PASS" starttime="20221009 17:51:35.044" endtime="20221009 17:51:35.044"/>
</kw>
<status status="PASS" starttime="20221009 17:51:35.044" endtime="20221009 17:51:35.044"/>
</iter>
<status status="PASS" starttime="20221009 17:51:35.044" endtime="20221009 17:51:35.044"/>
</for>
<status status="PASS" starttime="20221009 17:51:35.043" endtime="20221009 17:51:35.044"/>
</kw>
<tag>ESCOLHA_FRUTA</tag>
<status status="PASS" starttime="20221009 17:51:35.043" endtime="20221009 17:51:35.045"/>
</test>
<test id="s1-t4" name="Cenario de teste 04 - If Inline + For in Range" line="30">
<kw name="Exibir numeros pares em uma lista determinada">
<for flavor="IN RANGE">
<var>${CONTADOR}</var>
<value>0</value>
<value>11</value>
<iter>
<var name="${CONTADOR}">0</var>
<if>
<branch type="IF" condition="${CONTADOR%2} == 0">
<kw name="Evaluate" library="BuiltIn">
<var>${CONTA_PAR}</var>
<arg>${CONTA_PAR} +1</arg>
<doc>Evaluates the given expression in Python and returns the result.</doc>
<msg timestamp="20221009 17:51:35.048" level="INFO">${CONTA_PAR} = 1</msg>
<status status="PASS" starttime="20221009 17:51:35.048" endtime="20221009 17:51:35.048"/>
</kw>
<kw name="Log" library="BuiltIn">
<arg>O total de numeros: ${CONTADOR} e existem ${CONTA_PAR} numeros pares</arg>
<doc>Logs the given message with the given level.</doc>
<msg timestamp="20221009 17:51:35.048" level="INFO">O total de numeros: 0 e existem 1 numeros pares</msg>
<status status="PASS" starttime="20221009 17:51:35.048" endtime="20221009 17:51:35.048"/>
</kw>
<status status="PASS" starttime="20221009 17:51:35.048" endtime="20221009 17:51:35.048"/>
</branch>
<status status="PASS" starttime="20221009 17:51:35.047" endtime="20221009 17:51:35.048"/>
</if>
<status status="PASS" starttime="20221009 17:51:35.047" endtime="20221009 17:51:35.048"/>
</iter>
<iter>
<var name="${CONTADOR}">1</var>
<if>
<branch type="IF" condition="${CONTADOR%2} == 0">
<kw name="Evaluate" library="BuiltIn">
<var>${CONTA_PAR}</var>
<arg>${CONTA_PAR} +1</arg>
<doc>Evaluates the given expression in Python and returns the result.</doc>
<status status="NOT RUN" starttime="20221009 17:51:35.049" endtime="20221009 17:51:35.049"/>
</kw>
<kw name="Log" library="BuiltIn">
<arg>O total de numeros: ${CONTADOR} e existem ${CONTA_PAR} numeros pares</arg>
<doc>Logs the given message with the given level.</doc>
<status status="NOT RUN" starttime="20221009 17:51:35.049" endtime="20221009 17:51:35.049"/>
</kw>
<status status="NOT RUN" starttime="20221009 17:51:35.049" endtime="20221009 17:51:35.049"/>
</branch>
<status status="PASS" starttime="20221009 17:51:35.048" endtime="20221009 17:51:35.049"/>
</if>
<status status="PASS" starttime="20221009 17:51:35.048" endtime="20221009 17:51:35.049"/>
</iter>
<iter>
<var name="${CONTADOR}">2</var>
<if>
<branch type="IF" condition="${CONTADOR%2} == 0">
<kw name="Evaluate" library="BuiltIn">
<var>${CONTA_PAR}</var>
<arg>${CONTA_PAR} +1</arg>
<doc>Evaluates the given expression in Python and returns the result.</doc>
<msg timestamp="20221009 17:51:35.050" level="INFO">${CONTA_PAR} = 2</msg>
<status status="PASS" starttime="20221009 17:51:35.049" endtime="20221009 17:51:35.050"/>
</kw>
<kw name="Log" library="BuiltIn">
<arg>O total de numeros: ${CONTADOR} e existem ${CONTA_PAR} numeros pares</arg>
<doc>Logs the given message with the given level.</doc>
<msg timestamp="20221009 17:51:35.050" level="INFO">O total de numeros: 2 e existem 2 numeros pares</msg>
<status status="PASS" starttime="20221009 17:51:35.050" endtime="20221009 17:51:35.050"/>
</kw>
<status status="PASS" starttime="20221009 17:51:35.049" endtime="20221009 17:51:35.050"/>
</branch>
<status status="PASS" starttime="20221009 17:51:35.049" endtime="20221009 17:51:35.050"/>
</if>
<status status="PASS" starttime="20221009 17:51:35.049" endtime="20221009 17:51:35.050"/>
</iter>
<iter>
<var name="${CONTADOR}">3</var>
<if>
<branch type="IF" condition="${CONTADOR%2} == 0">
<kw name="Evaluate" library="BuiltIn">
<var>${CONTA_PAR}</var>
<arg>${CONTA_PAR} +1</arg>
<doc>Evaluates the given expression in Python and returns the result.</doc>
<status status="NOT RUN" starttime="20221009 17:51:35.052" endtime="20221009 17:51:35.052"/>
</kw>
<kw name="Log" library="BuiltIn">
<arg>O total de numeros: ${CONTADOR} e existem ${CONTA_PAR} numeros pares</arg>
<doc>Logs the given message with the given level.</doc>
<status status="NOT RUN" starttime="20221009 17:51:35.052" endtime="20221009 17:51:35.052"/>
</kw>
<status status="NOT RUN" starttime="20221009 17:51:35.052" endtime="20221009 17:51:35.052"/>
</branch>
<status status="PASS" starttime="20221009 17:51:35.050" endtime="20221009 17:51:35.052"/>
</if>
<status status="PASS" starttime="20221009 17:51:35.050" endtime="20221009 17:51:35.052"/>
</iter>
<iter>
<var name="${CONTADOR}">4</var>
<if>
<branch type="IF" condition="${CONTADOR%2} == 0">
<kw name="Evaluate" library="BuiltIn">
<var>${CONTA_PAR}</var>
<arg>${CONTA_PAR} +1</arg>
<doc>Evaluates the given expression in Python and returns the result.</doc>
<msg timestamp="20221009 17:51:35.054" level="INFO">${CONTA_PAR} = 3</msg>
<status status="PASS" starttime="20221009 17:51:35.054" endtime="20221009 17:51:35.054"/>
</kw>
<kw name="Log" library="BuiltIn">
<arg>O total de numeros: ${CONTADOR} e existem ${CONTA_PAR} numeros pares</arg>
<doc>Logs the given message with the given level.</doc>
<msg timestamp="20221009 17:51:35.055" level="INFO">O total de numeros: 4 e existem 3 numeros pares</msg>
<status status="PASS" starttime="20221009 17:51:35.054" endtime="20221009 17:51:35.055"/>
</kw>
<status status="PASS" starttime="20221009 17:51:35.054" endtime="20221009 17:51:35.055"/>
</branch>
<status status="PASS" starttime="20221009 17:51:35.052" endtime="20221009 17:51:35.055"/>
</if>
<status status="PASS" starttime="20221009 17:51:35.052" endtime="20221009 17:51:35.055"/>
</iter>
<iter>
<var name="${CONTADOR}">5</var>
<if>
<branch type="IF" condition="${CONTADOR%2} == 0">
<kw name="Evaluate" library="BuiltIn">
<var>${CONTA_PAR}</var>
<arg>${CONTA_PAR} +1</arg>
<doc>Evaluates the given expression in Python and returns the result.</doc>
<status status="NOT RUN" starttime="20221009 17:51:35.055" endtime="20221009 17:51:35.055"/>
</kw>
<kw name="Log" library="BuiltIn">
<arg>O total de numeros: ${CONTADOR} e existem ${CONTA_PAR} numeros pares</arg>
<doc>Logs the given message with the given level.</doc>
<status status="NOT RUN" starttime="20221009 17:51:35.056" endtime="20221009 17:51:35.056"/>
</kw>
<status status="NOT RUN" starttime="20221009 17:51:35.055" endtime="20221009 17:51:35.056"/>
</branch>
<status status="PASS" starttime="20221009 17:51:35.055" endtime="20221009 17:51:35.056"/>
</if>
<status status="PASS" starttime="20221009 17:51:35.055" endtime="20221009 17:51:35.056"/>
</iter>
<iter>
<var name="${CONTADOR}">6</var>
<if>
<branch type="IF" condition="${CONTADOR%2} == 0">
<kw name="Evaluate" library="BuiltIn">
<var>${CONTA_PAR}</var>
<arg>${CONTA_PAR} +1</arg>
<doc>Evaluates the given expression in Python and returns the result.</doc>
<msg timestamp="20221009 17:51:35.056" level="INFO">${CONTA_PAR} = 4</msg>
<status status="PASS" starttime="20221009 17:51:35.056" endtime="20221009 17:51:35.056"/>
</kw>
<kw name="Log" library="BuiltIn">
<arg>O total de numeros: ${CONTADOR} e existem ${CONTA_PAR} numeros pares</arg>
<doc>Logs the given message with the given level.</doc>
<msg timestamp="20221009 17:51:35.057" level="INFO">O total de numeros: 6 e existem 4 numeros pares</msg>
<status status="PASS" starttime="20221009 17:51:35.056" endtime="20221009 17:51:35.057"/>
</kw>
<status status="PASS" starttime="20221009 17:51:35.056" endtime="20221009 17:51:35.057"/>
</branch>
<status status="PASS" starttime="20221009 17:51:35.056" endtime="20221009 17:51:35.057"/>
</if>
<status status="PASS" starttime="20221009 17:51:35.056" endtime="20221009 17:51:35.057"/>
</iter>
<iter>
<var name="${CONTADOR}">7</var>
<if>
<branch type="IF" condition="${CONTADOR%2} == 0">
<kw name="Evaluate" library="BuiltIn">
<var>${CONTA_PAR}</var>
<arg>${CONTA_PAR} +1</arg>
<doc>Evaluates the given expression in Python and returns the result.</doc>
<status status="NOT RUN" starttime="20221009 17:51:35.057" endtime="20221009 17:51:35.057"/>
</kw>
<kw name="Log" library="BuiltIn">
<arg>O total de numeros: ${CONTADOR} e existem ${CONTA_PAR} numeros pares</arg>
<doc>Logs the given message with the given level.</doc>
<status status="NOT RUN" starttime="20221009 17:51:35.057" endtime="20221009 17:51:35.057"/>
</kw>
<status status="NOT RUN" starttime="20221009 17:51:35.057" endtime="20221009 17:51:35.057"/>
</branch>
<status status="PASS" starttime="20221009 17:51:35.057" endtime="20221009 17:51:35.057"/>
</if>
<status status="PASS" starttime="20221009 17:51:35.057" endtime="20221009 17:51:35.057"/>
</iter>
<iter>
<var name="${CONTADOR}">8</var>
<if>
<branch type="IF" condition="${CONTADOR%2} == 0">
<kw name="Evaluate" library="BuiltIn">
<var>${CONTA_PAR}</var>
<arg>${CONTA_PAR} +1</arg>
<doc>Evaluates the given expression in Python and returns the result.</doc>
<msg timestamp="20221009 17:51:35.058" level="INFO">${CONTA_PAR} = 5</msg>
<status status="PASS" starttime="20221009 17:51:35.058" endtime="20221009 17:51:35.058"/>
</kw>
<kw name="Log" library="BuiltIn">
<arg>O total de numeros: ${CONTADOR} e existem ${CONTA_PAR} numeros pares</arg>
<doc>Logs the given message with the given level.</doc>
<msg timestamp="20221009 17:51:35.058" level="INFO">O total de numeros: 8 e existem 5 numeros pares</msg>
<status status="PASS" starttime="20221009 17:51:35.058" endtime="20221009 17:51:35.058"/>
</kw>
<status status="PASS" starttime="20221009 17:51:35.058" endtime="20221009 17:51:35.058"/>
</branch>
<status status="PASS" starttime="20221009 17:51:35.057" endtime="20221009 17:51:35.058"/>
</if>
<status status="PASS" starttime="20221009 17:51:35.057" endtime="20221009 17:51:35.058"/>
</iter>
<iter>
<var name="${CONTADOR}">9</var>
<if>
<branch type="IF" condition="${CONTADOR%2} == 0">
<kw name="Evaluate" library="BuiltIn">
<var>${CONTA_PAR}</var>
<arg>${CONTA_PAR} +1</arg>
<doc>Evaluates the given expression in Python and returns the result.</doc>
<status status="NOT RUN" starttime="20221009 17:51:35.058" endtime="20221009 17:51:35.059"/>
</kw>
<kw name="Log" library="BuiltIn">
<arg>O total de numeros: ${CONTADOR} e existem ${CONTA_PAR} numeros pares</arg>
<doc>Logs the given message with the given level.</doc>
<status status="NOT RUN" starttime="20221009 17:51:35.059" endtime="20221009 17:51:35.059"/>
</kw>
<status status="NOT RUN" starttime="20221009 17:51:35.058" endtime="20221009 17:51:35.059"/>
</branch>
<status status="PASS" starttime="20221009 17:51:35.058" endtime="20221009 17:51:35.059"/>
</if>
<status status="PASS" starttime="20221009 17:51:35.058" endtime="20221009 17:51:35.059"/>
</iter>
<iter>
<var name="${CONTADOR}">10</var>
<if>
<branch type="IF" condition="${CONTADOR%2} == 0">
<kw name="Evaluate" library="BuiltIn">
<var>${CONTA_PAR}</var>
<arg>${CONTA_PAR} +1</arg>
<doc>Evaluates the given expression in Python and returns the result.</doc>
<msg timestamp="20221009 17:51:35.059" level="INFO">${CONTA_PAR} = 6</msg>
<status status="PASS" starttime="20221009 17:51:35.059" endtime="20221009 17:51:35.059"/>
</kw>
<kw name="Log" library="BuiltIn">
<arg>O total de numeros: ${CONTADOR} e existem ${CONTA_PAR} numeros pares</arg>
<doc>Logs the given message with the given level.</doc>
<msg timestamp="20221009 17:51:35.059" level="INFO">O total de numeros: 10 e existem 6 numeros pares</msg>
<status status="PASS" starttime="20221009 17:51:35.059" endtime="20221009 17:51:35.059"/>
</kw>
<status status="PASS" starttime="20221009 17:51:35.059" endtime="20221009 17:51:35.060"/>
</branch>
<status status="PASS" starttime="20221009 17:51:35.059" endtime="20221009 17:51:35.060"/>
</if>
<status status="PASS" starttime="20221009 17:51:35.059" endtime="20221009 17:51:35.060"/>
</iter>
<status status="PASS" starttime="20221009 17:51:35.047" endtime="20221009 17:51:35.060"/>
</for>
<kw name="Log" library="BuiltIn">
<arg>Acabou o loop!</arg>
<doc>Logs the given message with the given level.</doc>
<msg timestamp="20221009 17:51:35.060" level="INFO">Acabou o loop!</msg>
<status status="PASS" starttime="20221009 17:51:35.060" endtime="20221009 17:51:35.060"/>
</kw>
<status status="PASS" starttime="20221009 17:51:35.047" endtime="20221009 17:51:35.060"/>
</kw>
<tag>CONTA_PAR</tag>
<status status="PASS" starttime="20221009 17:51:35.047" endtime="20221009 17:51:35.061"/>
</test>
<doc>Neste documento constara os exercicios propostos na aula da 2 semana da Prime Hero Academy</doc>
<status status="PASS" starttime="20221009 17:51:35.017" endtime="20221009 17:51:35.062"/>
</suite>
<statistics>
<total>
<stat pass="4" fail="0" skip="0">All Tests</stat>
</total>
<tag>
<stat pass="1" fail="0" skip="0">CONTA_PAR</stat>
<stat pass="1" fail="0" skip="0">ESCOLHA_FRUTA</stat>
<stat pass="1" fail="0" skip="0">PESSOA</stat>
<stat pass="1" fail="0" skip="0">SECULO PASSADO</stat>
</tag>
<suite>
<stat pass="4" fail="0" skip="0" id="s1" name="ExercicioSegSem">ExercicioSegSem</stat>
</suite>
</statistics>
<errors>
</errors>
</robot>
