<?xml version="1.0" encoding="UTF-8"?>
<robot generator="Robot 5.0.1 (Python 3.10.0 on win32)" generated="20221002 19:44:58.909" rpa="false" schemaversion="3">
<suite id="s1" name="ExercicioSegSem" source="C:\PHA\Exercicio 2 - FcoAraujo\testesPHA\test\features\ExercicioSegSem.robot">
<test id="s1-t1" name="Cenario de teste 01 - Dicionário" line="17">
<kw name="Log To Console" library="BuiltIn">
<arg>${PESSOA}</arg>
<doc>Logs the given message to the console.</doc>
<status status="PASS" starttime="20221002 19:44:58.933" endtime="20221002 19:44:58.934"/>
</kw>
<tag>PESSOA</tag>
<status status="PASS" starttime="20221002 19:44:58.932" endtime="20221002 19:44:58.935"/>
</test>
<test id="s1-t2" name="Cenario de teste 02 - Argumentos e Retornos + If Simples" line="21">
<kw name="Exibir Ano de nascimento">
<arg>67</arg>
<kw name="Evaluate" library="BuiltIn">
<var>${ANO_NASCIMENTO}</var>
<arg>${ANO_ATUAL} - ${IDADE}</arg>
<doc>Evaluates the given expression in Python and returns the result.</doc>
<msg timestamp="20221002 19:44:58.938" level="INFO">${ANO_NASCIMENTO} = 1955</msg>
<status status="PASS" starttime="20221002 19:44:58.937" endtime="20221002 19:44:58.938"/>
</kw>
<if>
<branch type="IF" condition="${ANO_NASCIMENTO} &lt; 2000">
<kw name="Log To Console" library="BuiltIn">
<arg>Voce nasceu no seculo passado</arg>
<doc>Logs the given message to the console.</doc>
<status status="PASS" starttime="20221002 19:44:58.938" endtime="20221002 19:44:58.938"/>
</kw>
<status status="PASS" starttime="20221002 19:44:58.938" endtime="20221002 19:44:58.938"/>
</branch>
<branch type="ELSE IF" condition="${ANO_NASCIMENTO} &gt;= 2000">
<kw name="Log To Console" library="BuiltIn">
<arg>Voce nasceu neste seculo</arg>
<doc>Logs the given message to the console.</doc>
<status status="NOT RUN" starttime="20221002 19:44:58.939" endtime="20221002 19:44:58.939"/>
</kw>
<status status="NOT RUN" starttime="20221002 19:44:58.939" endtime="20221002 19:44:58.939"/>
</branch>
<status status="PASS" starttime="20221002 19:44:58.938" endtime="20221002 19:44:58.939"/>
</if>
<status status="PASS" starttime="20221002 19:44:58.937" endtime="20221002 19:44:58.939"/>
</kw>
<tag>SECULO PASSADO</tag>
<status status="PASS" starttime="20221002 19:44:58.936" endtime="20221002 19:44:58.939"/>
</test>
<test id="s1-t3" name="Cenario de teste 03 - For Simples + Lista" line="25">
<kw name="Exibir lista escolha de fruta">
<kw name="Create List" library="BuiltIn">
<var>@{ESCOLHA_FRUTA}</var>
<arg>Maça</arg>
<arg>Pera</arg>
<arg>Banana</arg>
<arg>melao</arg>
<arg>Uva</arg>
<doc>Returns a list containing given items.</doc>
<msg timestamp="20221002 19:44:58.941" level="INFO">@{ESCOLHA_FRUTA} = [ Maça | Pera | Banana | melao | Uva ]</msg>
<status status="PASS" starttime="20221002 19:44:58.941" endtime="20221002 19:44:58.942"/>
</kw>
<for flavor="IN">
<var>${ESCOLHA_FRUTA}</var>
<value>${ESCOLHA_FRUTA}</value>
<iter>
<var name="${ESCOLHA_FRUTA}">['Maça', 'Pera', 'Banana', 'melao', 'Uva']</var>
<kw name="Log To Console" library="BuiltIn">
<arg>${ESCOLHA_FRUTA}</arg>
<doc>Logs the given message to the console.</doc>
<status status="PASS" starttime="20221002 19:44:58.942" endtime="20221002 19:44:58.942"/>
</kw>
<status status="PASS" starttime="20221002 19:44:58.942" endtime="20221002 19:44:58.942"/>
</iter>
<status status="PASS" starttime="20221002 19:44:58.942" endtime="20221002 19:44:58.942"/>
</for>
<status status="PASS" starttime="20221002 19:44:58.941" endtime="20221002 19:44:58.943"/>
</kw>
<tag>ESCOLHA_FRUTA</tag>
<status status="PASS" starttime="20221002 19:44:58.940" endtime="20221002 19:44:58.943"/>
</test>
<test id="s1-t4" name="Cenario de teste 04 - If Inline + For in Range" line="29">
<kw name="Exibir numeros pares em uma lista determinada">
<for flavor="IN RANGE">
<var>${i}</var>
<value>0</value>
<value>11</value>
<iter>
<var name="${i}">0</var>
<if>
<branch type="IF" condition="${i%2} == 0">
<kw name="Evaluate" library="BuiltIn">
<var>${CONTA_PAR}</var>
<arg>${CONTA_PAR} + 1</arg>
<doc>Evaluates the given expression in Python and returns the result.</doc>
<msg timestamp="20221002 19:44:58.946" level="INFO">${CONTA_PAR} = 1</msg>
<status status="PASS" starttime="20221002 19:44:58.945" endtime="20221002 19:44:58.946"/>
</kw>
<kw name="Log To Console" library="BuiltIn">
<arg>\n\nOs numeros pares sao: ${i} e existem ${CONTA_PAR} numeros pares de 0 a 10</arg>
<doc>Logs the given message to the console.</doc>
<status status="PASS" starttime="20221002 19:44:58.946" endtime="20221002 19:44:58.946"/>
</kw>
<status status="PASS" starttime="20221002 19:44:58.945" endtime="20221002 19:44:58.946"/>
</branch>
<status status="PASS" starttime="20221002 19:44:58.945" endtime="20221002 19:44:58.946"/>
</if>
<kw name="Log To Console" library="BuiltIn">
<arg>Acabou o loop!</arg>
<doc>Logs the given message to the console.</doc>
<status status="PASS" starttime="20221002 19:44:58.946" endtime="20221002 19:44:58.947"/>
</kw>
<status status="PASS" starttime="20221002 19:44:58.945" endtime="20221002 19:44:58.947"/>
</iter>
<iter>
<var name="${i}">1</var>
<if>
<branch type="IF" condition="${i%2} == 0">
<kw name="Evaluate" library="BuiltIn">
<var>${CONTA_PAR}</var>
<arg>${CONTA_PAR} + 1</arg>
<doc>Evaluates the given expression in Python and returns the result.</doc>
<status status="NOT RUN" starttime="20221002 19:44:58.948" endtime="20221002 19:44:58.948"/>
</kw>
<kw name="Log To Console" library="BuiltIn">
<arg>\n\nOs numeros pares sao: ${i} e existem ${CONTA_PAR} numeros pares de 0 a 10</arg>
<doc>Logs the given message to the console.</doc>
<status status="NOT RUN" starttime="20221002 19:44:58.948" endtime="20221002 19:44:58.948"/>
</kw>
<status status="NOT RUN" starttime="20221002 19:44:58.948" endtime="20221002 19:44:58.948"/>
</branch>
<status status="PASS" starttime="20221002 19:44:58.947" endtime="20221002 19:44:58.948"/>
</if>
<kw name="Log To Console" library="BuiltIn">
<arg>Acabou o loop!</arg>
<doc>Logs the given message to the console.</doc>
<status status="PASS" starttime="20221002 19:44:58.949" endtime="20221002 19:44:58.949"/>
</kw>
<status status="PASS" starttime="20221002 19:44:58.947" endtime="20221002 19:44:58.949"/>
</iter>
<iter>
<var name="${i}">2</var>
<if>
<branch type="IF" condition="${i%2} == 0">
<kw name="Evaluate" library="BuiltIn">
<var>${CONTA_PAR}</var>
<arg>${CONTA_PAR} + 1</arg>
<doc>Evaluates the given expression in Python and returns the result.</doc>
<msg timestamp="20221002 19:44:58.951" level="INFO">${CONTA_PAR} = 2</msg>
<status status="PASS" starttime="20221002 19:44:58.951" endtime="20221002 19:44:58.951"/>
</kw>
<kw name="Log To Console" library="BuiltIn">
<arg>\n\nOs numeros pares sao: ${i} e existem ${CONTA_PAR} numeros pares de 0 a 10</arg>
<doc>Logs the given message to the console.</doc>
<status status="PASS" starttime="20221002 19:44:58.951" endtime="20221002 19:44:58.952"/>
</kw>
<status status="PASS" starttime="20221002 19:44:58.950" endtime="20221002 19:44:58.952"/>
</branch>
<status status="PASS" starttime="20221002 19:44:58.950" endtime="20221002 19:44:58.952"/>
</if>
<kw name="Log To Console" library="BuiltIn">
<arg>Acabou o loop!</arg>
<doc>Logs the given message to the console.</doc>
<status status="PASS" starttime="20221002 19:44:58.952" endtime="20221002 19:44:58.953"/>
</kw>
<status status="PASS" starttime="20221002 19:44:58.950" endtime="20221002 19:44:58.953"/>
</iter>
<iter>
<var name="${i}">3</var>
<if>
<branch type="IF" condition="${i%2} == 0">
<kw name="Evaluate" library="BuiltIn">
<var>${CONTA_PAR}</var>
<arg>${CONTA_PAR} + 1</arg>
<doc>Evaluates the given expression in Python and returns the result.</doc>
<status status="NOT RUN" starttime="20221002 19:44:58.953" endtime="20221002 19:44:58.953"/>
</kw>
<kw name="Log To Console" library="BuiltIn">
<arg>\n\nOs numeros pares sao: ${i} e existem ${CONTA_PAR} numeros pares de 0 a 10</arg>
<doc>Logs the given message to the console.</doc>
<status status="NOT RUN" starttime="20221002 19:44:58.953" endtime="20221002 19:44:58.953"/>
</kw>
<status status="NOT RUN" starttime="20221002 19:44:58.953" endtime="20221002 19:44:58.953"/>
</branch>
<status status="PASS" starttime="20221002 19:44:58.953" endtime="20221002 19:44:58.953"/>
</if>
<kw name="Log To Console" library="BuiltIn">
<arg>Acabou o loop!</arg>
<doc>Logs the given message to the console.</doc>
<status status="PASS" starttime="20221002 19:44:58.953" endtime="20221002 19:44:58.954"/>
</kw>
<status status="PASS" starttime="20221002 19:44:58.953" endtime="20221002 19:44:58.954"/>
</iter>
<iter>
<var name="${i}">4</var>
<if>
<branch type="IF" condition="${i%2} == 0">
<kw name="Evaluate" library="BuiltIn">
<var>${CONTA_PAR}</var>
<arg>${CONTA_PAR} + 1</arg>
<doc>Evaluates the given expression in Python and returns the result.</doc>
<msg timestamp="20221002 19:44:58.954" level="INFO">${CONTA_PAR} = 3</msg>
<status status="PASS" starttime="20221002 19:44:58.954" endtime="20221002 19:44:58.954"/>
</kw>
<kw name="Log To Console" library="BuiltIn">
<arg>\n\nOs numeros pares sao: ${i} e existem ${CONTA_PAR} numeros pares de 0 a 10</arg>
<doc>Logs the given message to the console.</doc>
<status status="PASS" starttime="20221002 19:44:58.954" endtime="20221002 19:44:58.955"/>
</kw>
<status status="PASS" starttime="20221002 19:44:58.954" endtime="20221002 19:44:58.955"/>
</branch>
<status status="PASS" starttime="20221002 19:44:58.954" endtime="20221002 19:44:58.955"/>
</if>
<kw name="Log To Console" library="BuiltIn">
<arg>Acabou o loop!</arg>
<doc>Logs the given message to the console.</doc>
<status status="PASS" starttime="20221002 19:44:58.955" endtime="20221002 19:44:58.955"/>
</kw>
<status status="PASS" starttime="20221002 19:44:58.954" endtime="20221002 19:44:58.956"/>
</iter>
<iter>
<var name="${i}">5</var>
<if>
<branch type="IF" condition="${i%2} == 0">
<kw name="Evaluate" library="BuiltIn">
<var>${CONTA_PAR}</var>
<arg>${CONTA_PAR} + 1</arg>
<doc>Evaluates the given expression in Python and returns the result.</doc>
<status status="NOT RUN" starttime="20221002 19:44:58.956" endtime="20221002 19:44:58.956"/>
</kw>
<kw name="Log To Console" library="BuiltIn">
<arg>\n\nOs numeros pares sao: ${i} e existem ${CONTA_PAR} numeros pares de 0 a 10</arg>
<doc>Logs the given message to the console.</doc>
<status status="NOT RUN" starttime="20221002 19:44:58.956" endtime="20221002 19:44:58.956"/>
</kw>
<status status="NOT RUN" starttime="20221002 19:44:58.956" endtime="20221002 19:44:58.956"/>
</branch>
<status status="PASS" starttime="20221002 19:44:58.956" endtime="20221002 19:44:58.956"/>
</if>
<kw name="Log To Console" library="BuiltIn">
<arg>Acabou o loop!</arg>
<doc>Logs the given message to the console.</doc>
<status status="PASS" starttime="20221002 19:44:58.956" endtime="20221002 19:44:58.956"/>
</kw>
<status status="PASS" starttime="20221002 19:44:58.956" endtime="20221002 19:44:58.957"/>
</iter>
<iter>
<var name="${i}">6</var>
<if>
<branch type="IF" condition="${i%2} == 0">
<kw name="Evaluate" library="BuiltIn">
<var>${CONTA_PAR}</var>
<arg>${CONTA_PAR} + 1</arg>
<doc>Evaluates the given expression in Python and returns the result.</doc>
<msg timestamp="20221002 19:44:58.957" level="INFO">${CONTA_PAR} = 4</msg>
<status status="PASS" starttime="20221002 19:44:58.957" endtime="20221002 19:44:58.957"/>
</kw>
<kw name="Log To Console" library="BuiltIn">
<arg>\n\nOs numeros pares sao: ${i} e existem ${CONTA_PAR} numeros pares de 0 a 10</arg>
<doc>Logs the given message to the console.</doc>
<status status="PASS" starttime="20221002 19:44:58.957" endtime="20221002 19:44:58.958"/>
</kw>
<status status="PASS" starttime="20221002 19:44:58.957" endtime="20221002 19:44:58.958"/>
</branch>
<status status="PASS" starttime="20221002 19:44:58.957" endtime="20221002 19:44:58.958"/>
</if>
<kw name="Log To Console" library="BuiltIn">
<arg>Acabou o loop!</arg>
<doc>Logs the given message to the console.</doc>
<status status="PASS" starttime="20221002 19:44:58.958" endtime="20221002 19:44:58.959"/>
</kw>
<status status="PASS" starttime="20221002 19:44:58.957" endtime="20221002 19:44:58.959"/>
</iter>
<iter>
<var name="${i}">7</var>
<if>
<branch type="IF" condition="${i%2} == 0">
<kw name="Evaluate" library="BuiltIn">
<var>${CONTA_PAR}</var>
<arg>${CONTA_PAR} + 1</arg>
<doc>Evaluates the given expression in Python and returns the result.</doc>
<status status="NOT RUN" starttime="20221002 19:44:58.960" endtime="20221002 19:44:58.960"/>
</kw>
<kw name="Log To Console" library="BuiltIn">
<arg>\n\nOs numeros pares sao: ${i} e existem ${CONTA_PAR} numeros pares de 0 a 10</arg>
<doc>Logs the given message to the console.</doc>
<status status="NOT RUN" starttime="20221002 19:44:58.960" endtime="20221002 19:44:58.960"/>
</kw>
<status status="NOT RUN" starttime="20221002 19:44:58.960" endtime="20221002 19:44:58.960"/>
</branch>
<status status="PASS" starttime="20221002 19:44:58.959" endtime="20221002 19:44:58.960"/>
</if>
<kw name="Log To Console" library="BuiltIn">
<arg>Acabou o loop!</arg>
<doc>Logs the given message to the console.</doc>
<status status="PASS" starttime="20221002 19:44:58.960" endtime="20221002 19:44:58.961"/>
</kw>
<status status="PASS" starttime="20221002 19:44:58.959" endtime="20221002 19:44:58.961"/>
</iter>
<iter>
<var name="${i}">8</var>
<if>
<branch type="IF" condition="${i%2} == 0">
<kw name="Evaluate" library="BuiltIn">
<var>${CONTA_PAR}</var>
<arg>${CONTA_PAR} + 1</arg>
<doc>Evaluates the given expression in Python and returns the result.</doc>
<msg timestamp="20221002 19:44:58.963" level="INFO">${CONTA_PAR} = 5</msg>
<status status="PASS" starttime="20221002 19:44:58.962" endtime="20221002 19:44:58.963"/>
</kw>
<kw name="Log To Console" library="BuiltIn">
<arg>\n\nOs numeros pares sao: ${i} e existem ${CONTA_PAR} numeros pares de 0 a 10</arg>
<doc>Logs the given message to the console.</doc>
<status status="PASS" starttime="20221002 19:44:58.963" endtime="20221002 19:44:58.964"/>
</kw>
<status status="PASS" starttime="20221002 19:44:58.962" endtime="20221002 19:44:58.964"/>
</branch>
<status status="PASS" starttime="20221002 19:44:58.961" endtime="20221002 19:44:58.964"/>
</if>
<kw name="Log To Console" library="BuiltIn">
<arg>Acabou o loop!</arg>
<doc>Logs the given message to the console.</doc>
<status status="PASS" starttime="20221002 19:44:58.964" endtime="20221002 19:44:58.964"/>
</kw>
<status status="PASS" starttime="20221002 19:44:58.961" endtime="20221002 19:44:58.965"/>
</iter>
<iter>
<var name="${i}">9</var>
<if>
<branch type="IF" condition="${i%2} == 0">
<kw name="Evaluate" library="BuiltIn">
<var>${CONTA_PAR}</var>
<arg>${CONTA_PAR} + 1</arg>
<doc>Evaluates the given expression in Python and returns the result.</doc>
<status status="NOT RUN" starttime="20221002 19:44:58.965" endtime="20221002 19:44:58.965"/>
</kw>
<kw name="Log To Console" library="BuiltIn">
<arg>\n\nOs numeros pares sao: ${i} e existem ${CONTA_PAR} numeros pares de 0 a 10</arg>
<doc>Logs the given message to the console.</doc>
<status status="NOT RUN" starttime="20221002 19:44:58.965" endtime="20221002 19:44:58.965"/>
</kw>
<status status="NOT RUN" starttime="20221002 19:44:58.965" endtime="20221002 19:44:58.965"/>
</branch>
<status status="PASS" starttime="20221002 19:44:58.965" endtime="20221002 19:44:58.965"/>
</if>
<kw name="Log To Console" library="BuiltIn">
<arg>Acabou o loop!</arg>
<doc>Logs the given message to the console.</doc>
<status status="PASS" starttime="20221002 19:44:58.966" endtime="20221002 19:44:58.966"/>
</kw>
<status status="PASS" starttime="20221002 19:44:58.965" endtime="20221002 19:44:58.966"/>
</iter>
<iter>
<var name="${i}">10</var>
<if>
<branch type="IF" condition="${i%2} == 0">
<kw name="Evaluate" library="BuiltIn">
<var>${CONTA_PAR}</var>
<arg>${CONTA_PAR} + 1</arg>
<doc>Evaluates the given expression in Python and returns the result.</doc>
<msg timestamp="20221002 19:44:58.967" level="INFO">${CONTA_PAR} = 6</msg>
<status status="PASS" starttime="20221002 19:44:58.967" endtime="20221002 19:44:58.967"/>
</kw>
<kw name="Log To Console" library="BuiltIn">
<arg>\n\nOs numeros pares sao: ${i} e existem ${CONTA_PAR} numeros pares de 0 a 10</arg>
<doc>Logs the given message to the console.</doc>
<status status="PASS" starttime="20221002 19:44:58.967" endtime="20221002 19:44:58.998"/>
</kw>
<status status="PASS" starttime="20221002 19:44:58.966" endtime="20221002 19:44:58.999"/>
</branch>
<status status="PASS" starttime="20221002 19:44:58.966" endtime="20221002 19:44:58.999"/>
</if>
<kw name="Log To Console" library="BuiltIn">
<arg>Acabou o loop!</arg>
<doc>Logs the given message to the console.</doc>
<status status="PASS" starttime="20221002 19:44:58.999" endtime="20221002 19:44:58.999"/>
</kw>
<status status="PASS" starttime="20221002 19:44:58.966" endtime="20221002 19:44:58.999"/>
</iter>
<status status="PASS" starttime="20221002 19:44:58.945" endtime="20221002 19:44:58.999"/>
</for>
<status status="PASS" starttime="20221002 19:44:58.944" endtime="20221002 19:44:58.999"/>
</kw>
<tag>CONTA_PAR</tag>
<status status="PASS" starttime="20221002 19:44:58.944" endtime="20221002 19:44:59.000"/>
</test>
<doc>Neste documento constara os exercicios propostos na aula da 2 semana da PHA</doc>
<status status="PASS" starttime="20221002 19:44:58.910" endtime="20221002 19:44:59.002"/>
</suite>
<statistics>
<total>
<stat pass="4" fail="0" skip="0">All Tests</stat>
</total>
<tag>
<stat pass="1" fail="0" skip="0">CONTA_PAR</stat>
<stat pass="1" fail="0" skip="0">ESCOLHA_FRUTA</stat>
<stat pass="1" fail="0" skip="0">PESSOA</stat>
<stat pass="1" fail="0" skip="0">SECULO PASSADO</stat>
</tag>
<suite>
<stat pass="4" fail="0" skip="0" id="s1" name="ExercicioSegSem">ExercicioSegSem</stat>
</suite>
</statistics>
<errors>
<msg timestamp="20221002 19:44:58.910" level="ERROR">Error in file 'C:\PHA\Exercicio 2 - FcoAraujo\testesPHA\test\features\ExercicioSegSem.robot' on line 41: Creating keyword '_________________________________________________________________________________________' failed: Keyword with same name defined multiple times.</msg>
<msg timestamp="20221002 19:44:58.912" level="ERROR">Error in file 'C:\PHA\Exercicio 2 - FcoAraujo\testesPHA\test\features\ExercicioSegSem.robot' on line 56: Creating keyword '__________________________________________________________________________________________' failed: Keyword with same name defined multiple times.</msg>
<msg timestamp="20221002 19:44:58.913" level="ERROR">Error in file 'C:\PHA\Exercicio 2 - FcoAraujo\testesPHA\test\features\ExercicioSegSem.robot' on line 64: Creating keyword '_________________________________________________________________________________________' failed: Keyword with same name defined multiple times.</msg>
</errors>
</robot>
